This is pdfTeX, Version 3.141592653-2.6-1.40.25 (TeX Live 2023/nixos.org) (preloaded format=pdflatex 1980.1.1)  26 SEP 2024 14:24
entering extended mode
 restricted \write18 enabled.
 %&-line parsing enabled.
**main
(./main.tex
LaTeX2e <2023-11-01> patch level 1
L3 programming layer <2024-02-20>

(/nix/store/812mkx037giwcxnx78cqc1hafa2b85ap-texlive-combined-full-2023-final-t
exmfdist/tex/latex/base/article.cls
Document Class: article 2023/05/17 v1.4n Standard LaTeX document class

(/nix/store/812mkx037giwcxnx78cqc1hafa2b85ap-texlive-combined-full-2023-final-t
exmfdist/tex/latex/base/size11.clo
File: size11.clo 2023/05/17 v1.4n Standard LaTeX file (size option)
)
\c@part=\count188
\c@section=\count189
\c@subsection=\count190
\c@subsubsection=\count191
\c@paragraph=\count192
\c@subparagraph=\count193
\c@figure=\count194
\c@table=\count195
\abovecaptionskip=\skip48
\belowcaptionskip=\skip49
\bibindent=\dimen140
) (./packages.tex
(/nix/store/812mkx037giwcxnx78cqc1hafa2b85ap-texlive-combined-full-2023-final-t
exmfdist/tex/latex/pgfplots/pgfplots.sty
(/nix/store/812mkx037giwcxnx78cqc1hafa2b85ap-texlive-combined-full-2023-final-t
exmfdist/tex/generic/pgfplots/pgfplots.revision.tex)
Package: pgfplots 2021/05/15 v1.18.1 Data Visualization (1.18.1)

(/nix/store/812mkx037giwcxnx78cqc1hafa2b85ap-texlive-combined-full-2023-final-t
exmfdist/tex/latex/graphics/graphicx.sty
Package: graphicx 2021/09/16 v1.2d Enhanced LaTeX Graphics (DPC,SPQR)

(/nix/store/812mkx037giwcxnx78cqc1hafa2b85ap-texlive-combined-full-2023-final-t
exmfdist/tex/latex/graphics/keyval.sty
Package: keyval 2022/05/29 v1.15 key=value parser (DPC)
\KV@toks@=\toks17
)
(/nix/store/812mkx037giwcxnx78cqc1hafa2b85ap-texlive-combined-full-2023-final-t
exmfdist/tex/latex/graphics/graphics.sty
Package: graphics 2022/03/10 v1.4e Standard LaTeX Graphics (DPC,SPQR)

(/nix/store/812mkx037giwcxnx78cqc1hafa2b85ap-texlive-combined-full-2023-final-t
exmfdist/tex/latex/graphics/trig.sty
Package: trig 2021/08/11 v1.11 sin cos tan (DPC)
)
(/nix/store/812mkx037giwcxnx78cqc1hafa2b85ap-texlive-combined-full-2023-final-t
exmfdist/tex/latex/graphics-cfg/graphics.cfg
File: graphics.cfg 2016/06/04 v1.11 sample graphics configuration
)
Package graphics Info: Driver file: pdftex.def on input line 107.

(/nix/store/812mkx037giwcxnx78cqc1hafa2b85ap-texlive-combined-full-2023-final-t
exmfdist/tex/latex/graphics-def/pdftex.def
File: pdftex.def 2022/09/22 v1.2b Graphics/color driver for pdftex
))
\Gin@req@height=\dimen141
\Gin@req@width=\dimen142
)
(/nix/store/812mkx037giwcxnx78cqc1hafa2b85ap-texlive-combined-full-2023-final-t
exmfdist/tex/latex/pgf/frontendlayer/tikz.sty
(/nix/store/812mkx037giwcxnx78cqc1hafa2b85ap-texlive-combined-full-2023-final-t
exmfdist/tex/latex/pgf/basiclayer/pgf.sty
(/nix/store/812mkx037giwcxnx78cqc1hafa2b85ap-texlive-combined-full-2023-final-t
exmfdist/tex/latex/pgf/utilities/pgfrcs.sty
(/nix/store/812mkx037giwcxnx78cqc1hafa2b85ap-texlive-combined-full-2023-final-t
exmfdist/tex/generic/pgf/utilities/pgfutil-common.tex
\pgfutil@everybye=\toks18
\pgfutil@tempdima=\dimen143
\pgfutil@tempdimb=\dimen144
)
(/nix/store/812mkx037giwcxnx78cqc1hafa2b85ap-texlive-combined-full-2023-final-t
exmfdist/tex/generic/pgf/utilities/pgfutil-latex.def
\pgfutil@abb=\box51
)
(/nix/store/812mkx037giwcxnx78cqc1hafa2b85ap-texlive-combined-full-2023-final-t
exmfdist/tex/generic/pgf/utilities/pgfrcs.code.tex
(/nix/store/812mkx037giwcxnx78cqc1hafa2b85ap-texlive-combined-full-2023-final-t
exmfdist/tex/generic/pgf/pgf.revision.tex)
Package: pgfrcs 2023-01-15 v3.1.10 (3.1.10)
))
Package: pgf 2023-01-15 v3.1.10 (3.1.10)

(/nix/store/812mkx037giwcxnx78cqc1hafa2b85ap-texlive-combined-full-2023-final-t
exmfdist/tex/latex/pgf/basiclayer/pgfcore.sty
(/nix/store/812mkx037giwcxnx78cqc1hafa2b85ap-texlive-combined-full-2023-final-t
exmfdist/tex/latex/pgf/systemlayer/pgfsys.sty
(/nix/store/812mkx037giwcxnx78cqc1hafa2b85ap-texlive-combined-full-2023-final-t
exmfdist/tex/generic/pgf/systemlayer/pgfsys.code.tex
Package: pgfsys 2023-01-15 v3.1.10 (3.1.10)

(/nix/store/812mkx037giwcxnx78cqc1hafa2b85ap-texlive-combined-full-2023-final-t
exmfdist/tex/generic/pgf/utilities/pgfkeys.code.tex
\pgfkeys@pathtoks=\toks19
\pgfkeys@temptoks=\toks20

(/nix/store/812mkx037giwcxnx78cqc1hafa2b85ap-texlive-combined-full-2023-final-t
exmfdist/tex/generic/pgf/utilities/pgfkeyslibraryfiltered.code.tex
\pgfkeys@tmptoks=\toks21
))
\pgf@x=\dimen145
\pgf@y=\dimen146
\pgf@xa=\dimen147
\pgf@ya=\dimen148
\pgf@xb=\dimen149
\pgf@yb=\dimen150
\pgf@xc=\dimen151
\pgf@yc=\dimen152
\pgf@xd=\dimen153
\pgf@yd=\dimen154
\w@pgf@writea=\write3
\r@pgf@reada=\read2
\c@pgf@counta=\count196
\c@pgf@countb=\count197
\c@pgf@countc=\count198
\c@pgf@countd=\count199
\t@pgf@toka=\toks22
\t@pgf@tokb=\toks23
\t@pgf@tokc=\toks24
\pgf@sys@id@count=\count266

(/nix/store/812mkx037giwcxnx78cqc1hafa2b85ap-texlive-combined-full-2023-final-t
exmfdist/tex/generic/pgf/systemlayer/pgf.cfg
File: pgf.cfg 2023-01-15 v3.1.10 (3.1.10)
)
Driver file for pgf: pgfsys-pdftex.def

(/nix/store/812mkx037giwcxnx78cqc1hafa2b85ap-texlive-combined-full-2023-final-t
exmfdist/tex/generic/pgf/systemlayer/pgfsys-pdftex.def
File: pgfsys-pdftex.def 2023-01-15 v3.1.10 (3.1.10)

(/nix/store/812mkx037giwcxnx78cqc1hafa2b85ap-texlive-combined-full-2023-final-t
exmfdist/tex/generic/pgf/systemlayer/pgfsys-common-pdf.def
File: pgfsys-common-pdf.def 2023-01-15 v3.1.10 (3.1.10)
)))
(/nix/store/812mkx037giwcxnx78cqc1hafa2b85ap-texlive-combined-full-2023-final-t
exmfdist/tex/generic/pgf/systemlayer/pgfsyssoftpath.code.tex
File: pgfsyssoftpath.code.tex 2023-01-15 v3.1.10 (3.1.10)
\pgfsyssoftpath@smallbuffer@items=\count267
\pgfsyssoftpath@bigbuffer@items=\count268
)
(/nix/store/812mkx037giwcxnx78cqc1hafa2b85ap-texlive-combined-full-2023-final-t
exmfdist/tex/generic/pgf/systemlayer/pgfsysprotocol.code.tex
File: pgfsysprotocol.code.tex 2023-01-15 v3.1.10 (3.1.10)
))
(/nix/store/812mkx037giwcxnx78cqc1hafa2b85ap-texlive-combined-full-2023-final-t
exmfdist/tex/latex/xcolor/xcolor.sty
Package: xcolor 2023/11/15 v3.01 LaTeX color extensions (UK)

(/nix/store/812mkx037giwcxnx78cqc1hafa2b85ap-texlive-combined-full-2023-final-t
exmfdist/tex/latex/graphics-cfg/color.cfg
File: color.cfg 2016/01/02 v1.6 sample color configuration
)
Package xcolor Info: Driver file: pdftex.def on input line 274.

(/nix/store/812mkx037giwcxnx78cqc1hafa2b85ap-texlive-combined-full-2023-final-t
exmfdist/tex/latex/graphics/mathcolor.ltx)
Package xcolor Info: Model `cmy' substituted by `cmy0' on input line 1350.
Package xcolor Info: Model `hsb' substituted by `rgb' on input line 1354.
Package xcolor Info: Model `RGB' extended on input line 1366.
Package xcolor Info: Model `HTML' substituted by `rgb' on input line 1368.
Package xcolor Info: Model `Hsb' substituted by `hsb' on input line 1369.
Package xcolor Info: Model `tHsb' substituted by `hsb' on input line 1370.
Package xcolor Info: Model `HSB' substituted by `hsb' on input line 1371.
Package xcolor Info: Model `Gray' substituted by `gray' on input line 1372.
Package xcolor Info: Model `wave' substituted by `hsb' on input line 1373.
)
(/nix/store/812mkx037giwcxnx78cqc1hafa2b85ap-texlive-combined-full-2023-final-t
exmfdist/tex/generic/pgf/basiclayer/pgfcore.code.tex
Package: pgfcore 2023-01-15 v3.1.10 (3.1.10)

(/nix/store/812mkx037giwcxnx78cqc1hafa2b85ap-texlive-combined-full-2023-final-t
exmfdist/tex/generic/pgf/math/pgfmath.code.tex
(/nix/store/812mkx037giwcxnx78cqc1hafa2b85ap-texlive-combined-full-2023-final-t
exmfdist/tex/generic/pgf/math/pgfmathutil.code.tex)
(/nix/store/812mkx037giwcxnx78cqc1hafa2b85ap-texlive-combined-full-2023-final-t
exmfdist/tex/generic/pgf/math/pgfmathparser.code.tex
\pgfmath@dimen=\dimen155
\pgfmath@count=\count269
\pgfmath@box=\box52
\pgfmath@toks=\toks25
\pgfmath@stack@operand=\toks26
\pgfmath@stack@operation=\toks27
)
(/nix/store/812mkx037giwcxnx78cqc1hafa2b85ap-texlive-combined-full-2023-final-t
exmfdist/tex/generic/pgf/math/pgfmathfunctions.code.tex)
(/nix/store/812mkx037giwcxnx78cqc1hafa2b85ap-texlive-combined-full-2023-final-t
exmfdist/tex/generic/pgf/math/pgfmathfunctions.basic.code.tex)
(/nix/store/812mkx037giwcxnx78cqc1hafa2b85ap-texlive-combined-full-2023-final-t
exmfdist/tex/generic/pgf/math/pgfmathfunctions.trigonometric.code.tex)
(/nix/store/812mkx037giwcxnx78cqc1hafa2b85ap-texlive-combined-full-2023-final-t
exmfdist/tex/generic/pgf/math/pgfmathfunctions.random.code.tex)
(/nix/store/812mkx037giwcxnx78cqc1hafa2b85ap-texlive-combined-full-2023-final-t
exmfdist/tex/generic/pgf/math/pgfmathfunctions.comparison.code.tex)
(/nix/store/812mkx037giwcxnx78cqc1hafa2b85ap-texlive-combined-full-2023-final-t
exmfdist/tex/generic/pgf/math/pgfmathfunctions.base.code.tex)
(/nix/store/812mkx037giwcxnx78cqc1hafa2b85ap-texlive-combined-full-2023-final-t
exmfdist/tex/generic/pgf/math/pgfmathfunctions.round.code.tex)
(/nix/store/812mkx037giwcxnx78cqc1hafa2b85ap-texlive-combined-full-2023-final-t
exmfdist/tex/generic/pgf/math/pgfmathfunctions.misc.code.tex)
(/nix/store/812mkx037giwcxnx78cqc1hafa2b85ap-texlive-combined-full-2023-final-t
exmfdist/tex/generic/pgf/math/pgfmathfunctions.integerarithmetics.code.tex)
(/nix/store/812mkx037giwcxnx78cqc1hafa2b85ap-texlive-combined-full-2023-final-t
exmfdist/tex/generic/pgf/math/pgfmathcalc.code.tex)
(/nix/store/812mkx037giwcxnx78cqc1hafa2b85ap-texlive-combined-full-2023-final-t
exmfdist/tex/generic/pgf/math/pgfmathfloat.code.tex
\c@pgfmathroundto@lastzeros=\count270
))
(/nix/store/812mkx037giwcxnx78cqc1hafa2b85ap-texlive-combined-full-2023-final-t
exmfdist/tex/generic/pgf/math/pgfint.code.tex)
(/nix/store/812mkx037giwcxnx78cqc1hafa2b85ap-texlive-combined-full-2023-final-t
exmfdist/tex/generic/pgf/basiclayer/pgfcorepoints.code.tex
File: pgfcorepoints.code.tex 2023-01-15 v3.1.10 (3.1.10)
\pgf@picminx=\dimen156
\pgf@picmaxx=\dimen157
\pgf@picminy=\dimen158
\pgf@picmaxy=\dimen159
\pgf@pathminx=\dimen160
\pgf@pathmaxx=\dimen161
\pgf@pathminy=\dimen162
\pgf@pathmaxy=\dimen163
\pgf@xx=\dimen164
\pgf@xy=\dimen165
\pgf@yx=\dimen166
\pgf@yy=\dimen167
\pgf@zx=\dimen168
\pgf@zy=\dimen169
)
(/nix/store/812mkx037giwcxnx78cqc1hafa2b85ap-texlive-combined-full-2023-final-t
exmfdist/tex/generic/pgf/basiclayer/pgfcorepathconstruct.code.tex
File: pgfcorepathconstruct.code.tex 2023-01-15 v3.1.10 (3.1.10)
\pgf@path@lastx=\dimen170
\pgf@path@lasty=\dimen171
)
(/nix/store/812mkx037giwcxnx78cqc1hafa2b85ap-texlive-combined-full-2023-final-t
exmfdist/tex/generic/pgf/basiclayer/pgfcorepathusage.code.tex
File: pgfcorepathusage.code.tex 2023-01-15 v3.1.10 (3.1.10)
\pgf@shorten@end@additional=\dimen172
\pgf@shorten@start@additional=\dimen173
)
(/nix/store/812mkx037giwcxnx78cqc1hafa2b85ap-texlive-combined-full-2023-final-t
exmfdist/tex/generic/pgf/basiclayer/pgfcorescopes.code.tex
File: pgfcorescopes.code.tex 2023-01-15 v3.1.10 (3.1.10)
\pgfpic=\box53
\pgf@hbox=\box54
\pgf@layerbox@main=\box55
\pgf@picture@serial@count=\count271
)
(/nix/store/812mkx037giwcxnx78cqc1hafa2b85ap-texlive-combined-full-2023-final-t
exmfdist/tex/generic/pgf/basiclayer/pgfcoregraphicstate.code.tex
File: pgfcoregraphicstate.code.tex 2023-01-15 v3.1.10 (3.1.10)
\pgflinewidth=\dimen174
)
(/nix/store/812mkx037giwcxnx78cqc1hafa2b85ap-texlive-combined-full-2023-final-t
exmfdist/tex/generic/pgf/basiclayer/pgfcoretransformations.code.tex
File: pgfcoretransformations.code.tex 2023-01-15 v3.1.10 (3.1.10)
\pgf@pt@x=\dimen175
\pgf@pt@y=\dimen176
\pgf@pt@temp=\dimen177
)
(/nix/store/812mkx037giwcxnx78cqc1hafa2b85ap-texlive-combined-full-2023-final-t
exmfdist/tex/generic/pgf/basiclayer/pgfcorequick.code.tex
File: pgfcorequick.code.tex 2023-01-15 v3.1.10 (3.1.10)
)
(/nix/store/812mkx037giwcxnx78cqc1hafa2b85ap-texlive-combined-full-2023-final-t
exmfdist/tex/generic/pgf/basiclayer/pgfcoreobjects.code.tex
File: pgfcoreobjects.code.tex 2023-01-15 v3.1.10 (3.1.10)
)
(/nix/store/812mkx037giwcxnx78cqc1hafa2b85ap-texlive-combined-full-2023-final-t
exmfdist/tex/generic/pgf/basiclayer/pgfcorepathprocessing.code.tex
File: pgfcorepathprocessing.code.tex 2023-01-15 v3.1.10 (3.1.10)
)
(/nix/store/812mkx037giwcxnx78cqc1hafa2b85ap-texlive-combined-full-2023-final-t
exmfdist/tex/generic/pgf/basiclayer/pgfcorearrows.code.tex
File: pgfcorearrows.code.tex 2023-01-15 v3.1.10 (3.1.10)
\pgfarrowsep=\dimen178
)
(/nix/store/812mkx037giwcxnx78cqc1hafa2b85ap-texlive-combined-full-2023-final-t
exmfdist/tex/generic/pgf/basiclayer/pgfcoreshade.code.tex
File: pgfcoreshade.code.tex 2023-01-15 v3.1.10 (3.1.10)
\pgf@max=\dimen179
\pgf@sys@shading@range@num=\count272
\pgf@shadingcount=\count273
)
(/nix/store/812mkx037giwcxnx78cqc1hafa2b85ap-texlive-combined-full-2023-final-t
exmfdist/tex/generic/pgf/basiclayer/pgfcoreimage.code.tex
File: pgfcoreimage.code.tex 2023-01-15 v3.1.10 (3.1.10)
)
(/nix/store/812mkx037giwcxnx78cqc1hafa2b85ap-texlive-combined-full-2023-final-t
exmfdist/tex/generic/pgf/basiclayer/pgfcoreexternal.code.tex
File: pgfcoreexternal.code.tex 2023-01-15 v3.1.10 (3.1.10)
\pgfexternal@startupbox=\box56
)
(/nix/store/812mkx037giwcxnx78cqc1hafa2b85ap-texlive-combined-full-2023-final-t
exmfdist/tex/generic/pgf/basiclayer/pgfcorelayers.code.tex
File: pgfcorelayers.code.tex 2023-01-15 v3.1.10 (3.1.10)
)
(/nix/store/812mkx037giwcxnx78cqc1hafa2b85ap-texlive-combined-full-2023-final-t
exmfdist/tex/generic/pgf/basiclayer/pgfcoretransparency.code.tex
File: pgfcoretransparency.code.tex 2023-01-15 v3.1.10 (3.1.10)
)
(/nix/store/812mkx037giwcxnx78cqc1hafa2b85ap-texlive-combined-full-2023-final-t
exmfdist/tex/generic/pgf/basiclayer/pgfcorepatterns.code.tex
File: pgfcorepatterns.code.tex 2023-01-15 v3.1.10 (3.1.10)
)
(/nix/store/812mkx037giwcxnx78cqc1hafa2b85ap-texlive-combined-full-2023-final-t
exmfdist/tex/generic/pgf/basiclayer/pgfcorerdf.code.tex
File: pgfcorerdf.code.tex 2023-01-15 v3.1.10 (3.1.10)
)))
(/nix/store/812mkx037giwcxnx78cqc1hafa2b85ap-texlive-combined-full-2023-final-t
exmfdist/tex/generic/pgf/modules/pgfmoduleshapes.code.tex
File: pgfmoduleshapes.code.tex 2023-01-15 v3.1.10 (3.1.10)
\pgfnodeparttextbox=\box57
)
(/nix/store/812mkx037giwcxnx78cqc1hafa2b85ap-texlive-combined-full-2023-final-t
exmfdist/tex/generic/pgf/modules/pgfmoduleplot.code.tex
File: pgfmoduleplot.code.tex 2023-01-15 v3.1.10 (3.1.10)
)
(/nix/store/812mkx037giwcxnx78cqc1hafa2b85ap-texlive-combined-full-2023-final-t
exmfdist/tex/latex/pgf/compatibility/pgfcomp-version-0-65.sty
Package: pgfcomp-version-0-65 2023-01-15 v3.1.10 (3.1.10)
\pgf@nodesepstart=\dimen180
\pgf@nodesepend=\dimen181
)
(/nix/store/812mkx037giwcxnx78cqc1hafa2b85ap-texlive-combined-full-2023-final-t
exmfdist/tex/latex/pgf/compatibility/pgfcomp-version-1-18.sty
Package: pgfcomp-version-1-18 2023-01-15 v3.1.10 (3.1.10)
))
(/nix/store/812mkx037giwcxnx78cqc1hafa2b85ap-texlive-combined-full-2023-final-t
exmfdist/tex/latex/pgf/utilities/pgffor.sty
(/nix/store/812mkx037giwcxnx78cqc1hafa2b85ap-texlive-combined-full-2023-final-t
exmfdist/tex/latex/pgf/utilities/pgfkeys.sty
(/nix/store/812mkx037giwcxnx78cqc1hafa2b85ap-texlive-combined-full-2023-final-t
exmfdist/tex/generic/pgf/utilities/pgfkeys.code.tex))
(/nix/store/812mkx037giwcxnx78cqc1hafa2b85ap-texlive-combined-full-2023-final-t
exmfdist/tex/latex/pgf/math/pgfmath.sty
(/nix/store/812mkx037giwcxnx78cqc1hafa2b85ap-texlive-combined-full-2023-final-t
exmfdist/tex/generic/pgf/math/pgfmath.code.tex))
(/nix/store/812mkx037giwcxnx78cqc1hafa2b85ap-texlive-combined-full-2023-final-t
exmfdist/tex/generic/pgf/utilities/pgffor.code.tex
Package: pgffor 2023-01-15 v3.1.10 (3.1.10)
\pgffor@iter=\dimen182
\pgffor@skip=\dimen183
\pgffor@stack=\toks28
\pgffor@toks=\toks29
))
(/nix/store/812mkx037giwcxnx78cqc1hafa2b85ap-texlive-combined-full-2023-final-t
exmfdist/tex/generic/pgf/frontendlayer/tikz/tikz.code.tex
Package: tikz 2023-01-15 v3.1.10 (3.1.10)

(/nix/store/812mkx037giwcxnx78cqc1hafa2b85ap-texlive-combined-full-2023-final-t
exmfdist/tex/generic/pgf/libraries/pgflibraryplothandlers.code.tex
File: pgflibraryplothandlers.code.tex 2023-01-15 v3.1.10 (3.1.10)
\pgf@plot@mark@count=\count274
\pgfplotmarksize=\dimen184
)
\tikz@lastx=\dimen185
\tikz@lasty=\dimen186
\tikz@lastxsaved=\dimen187
\tikz@lastysaved=\dimen188
\tikz@lastmovetox=\dimen189
\tikz@lastmovetoy=\dimen190
\tikzleveldistance=\dimen191
\tikzsiblingdistance=\dimen192
\tikz@figbox=\box58
\tikz@figbox@bg=\box59
\tikz@tempbox=\box60
\tikz@tempbox@bg=\box61
\tikztreelevel=\count275
\tikznumberofchildren=\count276
\tikznumberofcurrentchild=\count277
\tikz@fig@count=\count278

(/nix/store/812mkx037giwcxnx78cqc1hafa2b85ap-texlive-combined-full-2023-final-t
exmfdist/tex/generic/pgf/modules/pgfmodulematrix.code.tex
File: pgfmodulematrix.code.tex 2023-01-15 v3.1.10 (3.1.10)
\pgfmatrixcurrentrow=\count279
\pgfmatrixcurrentcolumn=\count280
\pgf@matrix@numberofcolumns=\count281
)
\tikz@expandcount=\count282

(/nix/store/812mkx037giwcxnx78cqc1hafa2b85ap-texlive-combined-full-2023-final-t
exmfdist/tex/generic/pgf/frontendlayer/tikz/libraries/tikzlibrarytopaths.code.t
ex
File: tikzlibrarytopaths.code.tex 2023-01-15 v3.1.10 (3.1.10)
)))
(/nix/store/812mkx037giwcxnx78cqc1hafa2b85ap-texlive-combined-full-2023-final-t
exmfdist/tex/generic/pgfplots/pgfplots.code.tex
(/nix/store/812mkx037giwcxnx78cqc1hafa2b85ap-texlive-combined-full-2023-final-t
exmfdist/tex/generic/pgfplots/pgfplotscore.code.tex
\t@pgfplots@toka=\toks30
\t@pgfplots@tokb=\toks31
\t@pgfplots@tokc=\toks32
\pgfplots@tmpa=\dimen193
\c@pgfplots@coordindex=\count283
\c@pgfplots@scanlineindex=\count284

(/nix/store/812mkx037giwcxnx78cqc1hafa2b85ap-texlive-combined-full-2023-final-t
exmfdist/tex/generic/pgfplots/sys/pgfplotssysgeneric.code.tex))
(/nix/store/812mkx037giwcxnx78cqc1hafa2b85ap-texlive-combined-full-2023-final-t
exmfdist/tex/generic/pgfplots/libs/pgfplotslibrary.code.tex)
(/nix/store/812mkx037giwcxnx78cqc1hafa2b85ap-texlive-combined-full-2023-final-t
exmfdist/tex/generic/pgfplots/oldpgfcompatib/pgfplotsoldpgfsupp_loader.code.tex

(/nix/store/812mkx037giwcxnx78cqc1hafa2b85ap-texlive-combined-full-2023-final-t
exmfdist/tex/generic/pgf/libraries/pgflibraryfpu.code.tex)
Package pgfplots: loading complementary utilities for your pgf version...
\t@pgf@toka=\toks33
\t@pgf@tokb=\toks34
\t@pgf@tokc=\toks35

(/nix/store/812mkx037giwcxnx78cqc1hafa2b85ap-texlive-combined-full-2023-final-t
exmfdist/tex/generic/pgfplots/oldpgfcompatib/pgfplotsoldpgfsupp_pgfutil-common-
lists.tex))
(/nix/store/812mkx037giwcxnx78cqc1hafa2b85ap-texlive-combined-full-2023-final-t
exmfdist/tex/generic/pgfplots/util/pgfplotsutil.code.tex
(/nix/store/812mkx037giwcxnx78cqc1hafa2b85ap-texlive-combined-full-2023-final-t
exmfdist/tex/generic/pgfplots/liststructure/pgfplotsliststructure.code.tex)
(/nix/store/812mkx037giwcxnx78cqc1hafa2b85ap-texlive-combined-full-2023-final-t
exmfdist/tex/generic/pgfplots/liststructure/pgfplotsliststructureext.code.tex)
(/nix/store/812mkx037giwcxnx78cqc1hafa2b85ap-texlive-combined-full-2023-final-t
exmfdist/tex/generic/pgfplots/liststructure/pgfplotsarray.code.tex
\c@pgfplotsarray@tmp=\count285
)
(/nix/store/812mkx037giwcxnx78cqc1hafa2b85ap-texlive-combined-full-2023-final-t
exmfdist/tex/generic/pgfplots/liststructure/pgfplotsmatrix.code.tex)
(/nix/store/812mkx037giwcxnx78cqc1hafa2b85ap-texlive-combined-full-2023-final-t
exmfdist/tex/generic/pgfplots/numtable/pgfplotstableshared.code.tex
\c@pgfplotstable@counta=\count286
\t@pgfplotstable@a=\toks36
)
(/nix/store/812mkx037giwcxnx78cqc1hafa2b85ap-texlive-combined-full-2023-final-t
exmfdist/tex/generic/pgfplots/liststructure/pgfplotsdeque.code.tex)
(/nix/store/812mkx037giwcxnx78cqc1hafa2b85ap-texlive-combined-full-2023-final-t
exmfdist/tex/generic/pgfplots/util/pgfplotsbinary.code.tex
(/nix/store/812mkx037giwcxnx78cqc1hafa2b85ap-texlive-combined-full-2023-final-t
exmfdist/tex/generic/pgfplots/util/pgfplotsbinary.data.code.tex))
(/nix/store/812mkx037giwcxnx78cqc1hafa2b85ap-texlive-combined-full-2023-final-t
exmfdist/tex/generic/pgfplots/util/pgfplotsutil.verb.code.tex)
(/nix/store/812mkx037giwcxnx78cqc1hafa2b85ap-texlive-combined-full-2023-final-t
exmfdist/tex/generic/pgfplots/libs/pgflibrarypgfplots.surfshading.code.tex
\c@pgfplotslibrarysurf@no=\count287

(/nix/store/812mkx037giwcxnx78cqc1hafa2b85ap-texlive-combined-full-2023-final-t
exmfdist/tex/generic/pgfplots/sys/pgflibrarypgfplots.surfshading.pgfsys-pdftex.
def)))
(/nix/store/812mkx037giwcxnx78cqc1hafa2b85ap-texlive-combined-full-2023-final-t
exmfdist/tex/generic/pgfplots/util/pgfplotscolormap.code.tex
(/nix/store/812mkx037giwcxnx78cqc1hafa2b85ap-texlive-combined-full-2023-final-t
exmfdist/tex/generic/pgfplots/util/pgfplotscolor.code.tex))
(/nix/store/812mkx037giwcxnx78cqc1hafa2b85ap-texlive-combined-full-2023-final-t
exmfdist/tex/generic/pgfplots/pgfplotsstackedplots.code.tex)
(/nix/store/812mkx037giwcxnx78cqc1hafa2b85ap-texlive-combined-full-2023-final-t
exmfdist/tex/generic/pgfplots/pgfplotsplothandlers.code.tex
(/nix/store/812mkx037giwcxnx78cqc1hafa2b85ap-texlive-combined-full-2023-final-t
exmfdist/tex/generic/pgfplots/pgfplotsmeshplothandler.code.tex
(/nix/store/812mkx037giwcxnx78cqc1hafa2b85ap-texlive-combined-full-2023-final-t
exmfdist/tex/generic/pgfplots/pgfplotsmeshplotimage.code.tex)))
(/nix/store/812mkx037giwcxnx78cqc1hafa2b85ap-texlive-combined-full-2023-final-t
exmfdist/tex/generic/pgfplots/pgfplots.scaling.code.tex)
(/nix/store/812mkx037giwcxnx78cqc1hafa2b85ap-texlive-combined-full-2023-final-t
exmfdist/tex/generic/pgfplots/pgfplotscoordprocessing.code.tex)
(/nix/store/812mkx037giwcxnx78cqc1hafa2b85ap-texlive-combined-full-2023-final-t
exmfdist/tex/generic/pgfplots/pgfplots.errorbars.code.tex)
(/nix/store/812mkx037giwcxnx78cqc1hafa2b85ap-texlive-combined-full-2023-final-t
exmfdist/tex/generic/pgfplots/pgfplots.markers.code.tex)
(/nix/store/812mkx037giwcxnx78cqc1hafa2b85ap-texlive-combined-full-2023-final-t
exmfdist/tex/generic/pgfplots/pgfplotsticks.code.tex)
(/nix/store/812mkx037giwcxnx78cqc1hafa2b85ap-texlive-combined-full-2023-final-t
exmfdist/tex/generic/pgfplots/pgfplots.paths.code.tex)
(/nix/store/812mkx037giwcxnx78cqc1hafa2b85ap-texlive-combined-full-2023-final-t
exmfdist/tex/generic/pgf/frontendlayer/tikz/libraries/tikzlibrarydecorations.co
de.tex
(/nix/store/812mkx037giwcxnx78cqc1hafa2b85ap-texlive-combined-full-2023-final-t
exmfdist/tex/generic/pgf/modules/pgfmoduledecorations.code.tex
\pgfdecoratedcompleteddistance=\dimen194
\pgfdecoratedremainingdistance=\dimen195
\pgfdecoratedinputsegmentcompleteddistance=\dimen196
\pgfdecoratedinputsegmentremainingdistance=\dimen197
\pgf@decorate@distancetomove=\dimen198
\pgf@decorate@repeatstate=\count288
\pgfdecorationsegmentamplitude=\dimen199
\pgfdecorationsegmentlength=\dimen256
)
\tikz@lib@dec@box=\box62
)
(/nix/store/812mkx037giwcxnx78cqc1hafa2b85ap-texlive-combined-full-2023-final-t
exmfdist/tex/generic/pgf/frontendlayer/tikz/libraries/tikzlibrarydecorations.pa
thmorphing.code.tex
(/nix/store/812mkx037giwcxnx78cqc1hafa2b85ap-texlive-combined-full-2023-final-t
exmfdist/tex/generic/pgf/libraries/decorations/pgflibrarydecorations.pathmorphi
ng.code.tex))
(/nix/store/812mkx037giwcxnx78cqc1hafa2b85ap-texlive-combined-full-2023-final-t
exmfdist/tex/generic/pgf/frontendlayer/tikz/libraries/tikzlibrarydecorations.pa
threplacing.code.tex
(/nix/store/812mkx037giwcxnx78cqc1hafa2b85ap-texlive-combined-full-2023-final-t
exmfdist/tex/generic/pgf/libraries/decorations/pgflibrarydecorations.pathreplac
ing.code.tex))
(/nix/store/812mkx037giwcxnx78cqc1hafa2b85ap-texlive-combined-full-2023-final-t
exmfdist/tex/generic/pgfplots/libs/tikzlibrarypgfplots.contourlua.code.tex)
\pgfplots@numplots=\count289
\pgfplots@xmin@reg=\dimen257
\pgfplots@xmax@reg=\dimen258
\pgfplots@ymin@reg=\dimen259
\pgfplots@ymax@reg=\dimen260
\pgfplots@zmin@reg=\dimen261
\pgfplots@zmax@reg=\dimen262
)
(/nix/store/812mkx037giwcxnx78cqc1hafa2b85ap-texlive-combined-full-2023-final-t
exmfdist/tex/generic/pgf/frontendlayer/tikz/libraries/tikzlibraryplotmarks.code
.tex
File: tikzlibraryplotmarks.code.tex 2023-01-15 v3.1.10 (3.1.10)

(/nix/store/812mkx037giwcxnx78cqc1hafa2b85ap-texlive-combined-full-2023-final-t
exmfdist/tex/generic/pgf/libraries/pgflibraryplotmarks.code.tex
File: pgflibraryplotmarks.code.tex 2023-01-15 v3.1.10 (3.1.10)
)))
(/nix/store/812mkx037giwcxnx78cqc1hafa2b85ap-texlive-combined-full-2023-final-t
exmfdist/tex/latex/amsmath/amsmath.sty
Package: amsmath 2023/05/13 v2.17o AMS math features
\@mathmargin=\skip50

For additional information on amsmath, use the `?' option.

(/nix/store/812mkx037giwcxnx78cqc1hafa2b85ap-texlive-combined-full-2023-final-t
exmfdist/tex/latex/amsmath/amstext.sty
Package: amstext 2021/08/26 v2.01 AMS text

(/nix/store/812mkx037giwcxnx78cqc1hafa2b85ap-texlive-combined-full-2023-final-t
exmfdist/tex/latex/amsmath/amsgen.sty
File: amsgen.sty 1999/11/30 v2.0 generic functions
\@emptytoks=\toks37
\ex@=\dimen263
))
(/nix/store/812mkx037giwcxnx78cqc1hafa2b85ap-texlive-combined-full-2023-final-t
exmfdist/tex/latex/amsmath/amsbsy.sty
Package: amsbsy 1999/11/29 v1.2d Bold Symbols
\pmbraise@=\dimen264
)
(/nix/store/812mkx037giwcxnx78cqc1hafa2b85ap-texlive-combined-full-2023-final-t
exmfdist/tex/latex/amsmath/amsopn.sty
Package: amsopn 2022/04/08 v2.04 operator names
)
\inf@bad=\count290
LaTeX Info: Redefining \frac on input line 234.
\uproot@=\count291
\leftroot@=\count292
LaTeX Info: Redefining \overline on input line 399.
LaTeX Info: Redefining \colon on input line 410.
\classnum@=\count293
\DOTSCASE@=\count294
LaTeX Info: Redefining \ldots on input line 496.
LaTeX Info: Redefining \dots on input line 499.
LaTeX Info: Redefining \cdots on input line 620.
\Mathstrutbox@=\box63
\strutbox@=\box64
LaTeX Info: Redefining \big on input line 722.
LaTeX Info: Redefining \Big on input line 723.
LaTeX Info: Redefining \bigg on input line 724.
LaTeX Info: Redefining \Bigg on input line 725.
\big@size=\dimen265
LaTeX Font Info:    Redeclaring font encoding OML on input line 743.
LaTeX Font Info:    Redeclaring font encoding OMS on input line 744.
\macc@depth=\count295
LaTeX Info: Redefining \bmod on input line 905.
LaTeX Info: Redefining \pmod on input line 910.
LaTeX Info: Redefining \smash on input line 940.
LaTeX Info: Redefining \relbar on input line 970.
LaTeX Info: Redefining \Relbar on input line 971.
\c@MaxMatrixCols=\count296
\dotsspace@=\muskip16
\c@parentequation=\count297
\dspbrk@lvl=\count298
\tag@help=\toks38
\row@=\count299
\column@=\count300
\maxfields@=\count301
\andhelp@=\toks39
\eqnshift@=\dimen266
\alignsep@=\dimen267
\tagshift@=\dimen268
\tagwidth@=\dimen269
\totwidth@=\dimen270
\lineht@=\dimen271
\@envbody=\toks40
\multlinegap=\skip51
\multlinetaggap=\skip52
\mathdisplay@stack=\toks41
LaTeX Info: Redefining \[ on input line 2953.
LaTeX Info: Redefining \] on input line 2954.
)
(/nix/store/812mkx037giwcxnx78cqc1hafa2b85ap-texlive-combined-full-2023-final-t
exmfdist/tex/latex/amsfonts/amssymb.sty
Package: amssymb 2013/01/14 v3.01 AMS font symbols

(/nix/store/812mkx037giwcxnx78cqc1hafa2b85ap-texlive-combined-full-2023-final-t
exmfdist/tex/latex/amsfonts/amsfonts.sty
Package: amsfonts 2013/01/14 v3.01 Basic AMSFonts support
\symAMSa=\mathgroup4
\symAMSb=\mathgroup5
LaTeX Font Info:    Redeclaring math symbol \hbar on input line 98.
LaTeX Font Info:    Overwriting math alphabet `\mathfrak' in version `bold'
(Font)                  U/euf/m/n --> U/euf/b/n on input line 106.
))
(/nix/store/812mkx037giwcxnx78cqc1hafa2b85ap-texlive-combined-full-2023-final-t
exmfdist/tex/latex/amscls/amsthm.sty
Package: amsthm 2020/05/29 v2.20.6
\thm@style=\toks42
\thm@bodyfont=\toks43
\thm@headfont=\toks44
\thm@notefont=\toks45
\thm@headpunct=\toks46
\thm@preskip=\skip53
\thm@postskip=\skip54
\thm@headsep=\skip55
\dth@everypar=\toks47
)
(/nix/store/812mkx037giwcxnx78cqc1hafa2b85ap-texlive-combined-full-2023-final-t
exmfdist/tex/latex/mathtools/mathtools.sty
Package: mathtools 2024/03/11 v1.30 mathematical typesetting tools

(/nix/store/812mkx037giwcxnx78cqc1hafa2b85ap-texlive-combined-full-2023-final-t
exmfdist/tex/latex/tools/calc.sty
Package: calc 2023/07/08 v4.3 Infix arithmetic (KKT,FJ)
\calc@Acount=\count302
\calc@Bcount=\count303
\calc@Adimen=\dimen272
\calc@Bdimen=\dimen273
\calc@Askip=\skip56
\calc@Bskip=\skip57
LaTeX Info: Redefining \setlength on input line 80.
LaTeX Info: Redefining \addtolength on input line 81.
\calc@Ccount=\count304
\calc@Cskip=\skip58
)
(/nix/store/812mkx037giwcxnx78cqc1hafa2b85ap-texlive-combined-full-2023-final-t
exmfdist/tex/latex/mathtools/mhsetup.sty
Package: mhsetup 2021/03/18 v1.4 programming setup (MH)
)
\g_MT_multlinerow_int=\count305
\l_MT_multwidth_dim=\dimen274
\origjot=\skip59
\l_MT_shortvdotswithinadjustabove_dim=\dimen275
\l_MT_shortvdotswithinadjustbelow_dim=\dimen276
\l_MT_above_intertext_sep=\dimen277
\l_MT_below_intertext_sep=\dimen278
\l_MT_above_shortintertext_sep=\dimen279
\l_MT_below_shortintertext_sep=\dimen280
\xmathstrut@box=\box65
\xmathstrut@dim=\dimen281
)
(/nix/store/812mkx037giwcxnx78cqc1hafa2b85ap-texlive-combined-full-2023-final-t
exmfdist/tex/latex/tools/array.sty
Package: array 2023/10/16 v2.5g Tabular extension package (FMi)
\col@sep=\dimen282
\ar@mcellbox=\box66
\extrarowheight=\dimen283
\NC@list=\toks48
\extratabsurround=\skip60
\backup@length=\skip61
\ar@cellbox=\box67
)
(/nix/store/812mkx037giwcxnx78cqc1hafa2b85ap-texlive-combined-full-2023-final-t
exmfdist/tex/latex/booktabs/booktabs.sty
Package: booktabs 2020/01/12 v1.61803398 Publication quality tables
\heavyrulewidth=\dimen284
\lightrulewidth=\dimen285
\cmidrulewidth=\dimen286
\belowrulesep=\dimen287
\belowbottomsep=\dimen288
\aboverulesep=\dimen289
\abovetopsep=\dimen290
\cmidrulesep=\dimen291
\cmidrulekern=\dimen292
\defaultaddspace=\dimen293
\@cmidla=\count306
\@cmidlb=\count307
\@aboverulesep=\dimen294
\@belowrulesep=\dimen295
\@thisruleclass=\count308
\@lastruleclass=\count309
\@thisrulewidth=\dimen296
)
(/nix/store/812mkx037giwcxnx78cqc1hafa2b85ap-texlive-combined-full-2023-final-t
exmfdist/tex/generic/pgf/frontendlayer/tikz/libraries/tikzlibraryshapes.geometr
ic.code.tex
File: tikzlibraryshapes.geometric.code.tex 2023-01-15 v3.1.10 (3.1.10)

(/nix/store/812mkx037giwcxnx78cqc1hafa2b85ap-texlive-combined-full-2023-final-t
exmfdist/tex/generic/pgf/libraries/shapes/pgflibraryshapes.geometric.code.tex
File: pgflibraryshapes.geometric.code.tex 2023-01-15 v3.1.10 (3.1.10)
))
(/nix/store/812mkx037giwcxnx78cqc1hafa2b85ap-texlive-combined-full-2023-final-t
exmfdist/tex/generic/pgf/frontendlayer/tikz/libraries/tikzlibrarysnakes.code.te
x
File: tikzlibrarysnakes.code.tex 2023-01-15 v3.1.10 (3.1.10)


Package pgf Warning: Snakes have been superseded by decorations. Please use the
 decoration libraries instead of the snakes library on input line 14.


(/nix/store/812mkx037giwcxnx78cqc1hafa2b85ap-texlive-combined-full-2023-final-t
exmfdist/tex/generic/pgf/frontendlayer/tikz/libraries/tikzlibrarydecorations.sh
apes.code.tex
(/nix/store/812mkx037giwcxnx78cqc1hafa2b85ap-texlive-combined-full-2023-final-t
exmfdist/tex/generic/pgf/libraries/decorations/pgflibrarydecorations.shapes.cod
e.tex)))
(/nix/store/812mkx037giwcxnx78cqc1hafa2b85ap-texlive-combined-full-2023-final-t
exmfdist/tex/generic/pgf/frontendlayer/tikz/libraries/tikzlibraryarrows.code.te
x
File: tikzlibraryarrows.code.tex 2023-01-15 v3.1.10 (3.1.10)

(/nix/store/812mkx037giwcxnx78cqc1hafa2b85ap-texlive-combined-full-2023-final-t
exmfdist/tex/generic/pgf/libraries/pgflibraryarrows.code.tex
File: pgflibraryarrows.code.tex 2023-01-15 v3.1.10 (3.1.10)
\arrowsize=\dimen297
))
(/nix/store/812mkx037giwcxnx78cqc1hafa2b85ap-texlive-combined-full-2023-final-t
exmfdist/tex/generic/pgf/frontendlayer/tikz/libraries/tikzlibraryshapes.code.te
x
File: tikzlibraryshapes.code.tex 2023-01-15 v3.1.10 (3.1.10)

(/nix/store/812mkx037giwcxnx78cqc1hafa2b85ap-texlive-combined-full-2023-final-t
exmfdist/tex/generic/pgf/frontendlayer/tikz/libraries/tikzlibraryshapes.misc.co
de.tex
File: tikzlibraryshapes.misc.code.tex 2023-01-15 v3.1.10 (3.1.10)

(/nix/store/812mkx037giwcxnx78cqc1hafa2b85ap-texlive-combined-full-2023-final-t
exmfdist/tex/generic/pgf/libraries/shapes/pgflibraryshapes.misc.code.tex
File: pgflibraryshapes.misc.code.tex 2023-01-15 v3.1.10 (3.1.10)
))
(/nix/store/812mkx037giwcxnx78cqc1hafa2b85ap-texlive-combined-full-2023-final-t
exmfdist/tex/generic/pgf/frontendlayer/tikz/libraries/tikzlibraryshapes.symbols
.code.tex
File: tikzlibraryshapes.symbols.code.tex 2023-01-15 v3.1.10 (3.1.10)

(/nix/store/812mkx037giwcxnx78cqc1hafa2b85ap-texlive-combined-full-2023-final-t
exmfdist/tex/generic/pgf/libraries/shapes/pgflibraryshapes.symbols.code.tex
File: pgflibraryshapes.symbols.code.tex 2023-01-15 v3.1.10 (3.1.10)
))
(/nix/store/812mkx037giwcxnx78cqc1hafa2b85ap-texlive-combined-full-2023-final-t
exmfdist/tex/generic/pgf/frontendlayer/tikz/libraries/tikzlibraryshapes.arrows.
code.tex
File: tikzlibraryshapes.arrows.code.tex 2023-01-15 v3.1.10 (3.1.10)

(/nix/store/812mkx037giwcxnx78cqc1hafa2b85ap-texlive-combined-full-2023-final-t
exmfdist/tex/generic/pgf/libraries/shapes/pgflibraryshapes.arrows.code.tex
File: pgflibraryshapes.arrows.code.tex 2023-01-15 v3.1.10 (3.1.10)
))
(/nix/store/812mkx037giwcxnx78cqc1hafa2b85ap-texlive-combined-full-2023-final-t
exmfdist/tex/generic/pgf/frontendlayer/tikz/libraries/tikzlibraryshapes.callout
s.code.tex
(/nix/store/812mkx037giwcxnx78cqc1hafa2b85ap-texlive-combined-full-2023-final-t
exmfdist/tex/generic/pgf/libraries/shapes/pgflibraryshapes.callouts.code.tex))
(/nix/store/812mkx037giwcxnx78cqc1hafa2b85ap-texlive-combined-full-2023-final-t
exmfdist/tex/generic/pgf/frontendlayer/tikz/libraries/tikzlibraryshapes.multipa
rt.code.tex
File: tikzlibraryshapes.multipart.code.tex 2023-01-15 v3.1.10 (3.1.10)

(/nix/store/812mkx037giwcxnx78cqc1hafa2b85ap-texlive-combined-full-2023-final-t
exmfdist/tex/generic/pgf/libraries/shapes/pgflibraryshapes.multipart.code.tex
File: pgflibraryshapes.multipart.code.tex 2023-01-15 v3.1.10 (3.1.10)
\pgfnodepartlowerbox=\box68
\pgfnodeparttwobox=\box69
\pgfnodepartthreebox=\box70
\pgfnodepartfourbox=\box71
\pgfnodeparttwentybox=\box72
\pgfnodepartnineteenbox=\box73
\pgfnodeparteighteenbox=\box74
\pgfnodepartseventeenbox=\box75
\pgfnodepartsixteenbox=\box76
\pgfnodepartfifteenbox=\box77
\pgfnodepartfourteenbox=\box78
\pgfnodepartthirteenbox=\box79
\pgfnodeparttwelvebox=\box80
\pgfnodepartelevenbox=\box81
\pgfnodeparttenbox=\box82
\pgfnodepartninebox=\box83
\pgfnodeparteightbox=\box84
\pgfnodepartsevenbox=\box85
\pgfnodepartsixbox=\box86
\pgfnodepartfivebox=\box87
)))
(/nix/store/812mkx037giwcxnx78cqc1hafa2b85ap-texlive-combined-full-2023-final-t
exmfdist/tex/latex/tikz-cd/tikz-cd.sty
Package: tikz-cd 2021/05/04 v1.0 Commutative diagrams with TikZ

(/nix/store/812mkx037giwcxnx78cqc1hafa2b85ap-texlive-combined-full-2023-final-t
exmfdist/tex/generic/tikz-cd/tikzlibrarycd.code.tex
(/nix/store/812mkx037giwcxnx78cqc1hafa2b85ap-texlive-combined-full-2023-final-t
exmfdist/tex/generic/pgf/frontendlayer/tikz/libraries/tikzlibrarymatrix.code.te
x
File: tikzlibrarymatrix.code.tex 2023-01-15 v3.1.10 (3.1.10)
)
(/nix/store/812mkx037giwcxnx78cqc1hafa2b85ap-texlive-combined-full-2023-final-t
exmfdist/tex/generic/pgf/frontendlayer/tikz/libraries/tikzlibraryquotes.code.te
x
File: tikzlibraryquotes.code.tex 2023-01-15 v3.1.10 (3.1.10)
)
(/nix/store/812mkx037giwcxnx78cqc1hafa2b85ap-texlive-combined-full-2023-final-t
exmfdist/tex/generic/pgf/libraries/pgflibraryarrows.meta.code.tex
File: pgflibraryarrows.meta.code.tex 2023-01-15 v3.1.10 (3.1.10)
\pgfarrowinset=\dimen298
\pgfarrowlength=\dimen299
\pgfarrowwidth=\dimen300
\pgfarrowlinewidth=\dimen301
)))
(/nix/store/812mkx037giwcxnx78cqc1hafa2b85ap-texlive-combined-full-2023-final-t
exmfdist/tex/generic/xypic/xy.sty
(/nix/store/812mkx037giwcxnx78cqc1hafa2b85ap-texlive-combined-full-2023-final-t
exmfdist/tex/generic/xypic/xy.tex Bootstrap'ing: catcodes, docmode,
(/nix/store/812mkx037giwcxnx78cqc1hafa2b85ap-texlive-combined-full-2023-final-t
exmfdist/tex/generic/xypic/xyrecat.tex)
(/nix/store/812mkx037giwcxnx78cqc1hafa2b85ap-texlive-combined-full-2023-final-t
exmfdist/tex/generic/xypic/xyidioms.tex)

 Xy-pic version 3.8.9 <2013/10/06>
 Copyright (c) 1991-2013 by Kristoffer H. Rose <krisrose@tug.org> and others
 Xy-pic is free software: see the User's Guide for details.

Loading kernel: messages; fonts; allocations: state,
\X@c=\dimen302
\Y@c=\dimen303
\U@c=\dimen304
\D@c=\dimen305
\L@c=\dimen306
\R@c=\dimen307
\Edge@c=\toks49
\X@p=\dimen308
\Y@p=\dimen309
\U@p=\dimen310
\D@p=\dimen311
\L@p=\dimen312
\R@p=\dimen313
\Edge@p=\toks50
\X@origin=\dimen314
\Y@origin=\dimen315
\X@xbase=\dimen316
\Y@xbase=\dimen317
\X@ybase=\dimen318
\Y@ybase=\dimen319
\X@min=\dimen320
\Y@min=\dimen321
\X@max=\dimen322
\Y@max=\dimen323
\lastobjectbox@=\box88
\zerodotbox@=\box89
\almostz@=\dimen324
 direction,
\d@X=\dimen325
\d@Y=\dimen326
\K@=\count310
\KK@=\count311
\Direction=\count312
\K@dXdY=\dimen327
\K@dYdX=\dimen328
\xyread@=\read3
\xywrite@=\write4
\csp@=\count313
\quotPTK@=\dimen329

utility macros; pictures: \xy, positions,
\swaptoks@@=\toks51
\connectobjectbox@@=\box90
 objects,
\styletoks@=\toks52
 decorations;
kernel objects: directionals, circles, text; options; algorithms: directions,
edges, connections;  Xy-pic loaded)
(/nix/store/812mkx037giwcxnx78cqc1hafa2b85ap-texlive-combined-full-2023-final-t
exmfdist/tex/generic/iftex/ifpdf.sty
Package: ifpdf 2019/10/25 v3.4 ifpdf legacy package. Use iftex instead.

(/nix/store/812mkx037giwcxnx78cqc1hafa2b85ap-texlive-combined-full-2023-final-t
exmfdist/tex/generic/iftex/iftex.sty
Package: iftex 2022/02/03 v1.0f TeX engine tests
))
Package: xy 2013/10/06 Xy-pic version 3.8.9

(/nix/store/812mkx037giwcxnx78cqc1hafa2b85ap-texlive-combined-full-2023-final-t
exmfdist/tex/generic/xypic/xycmtip.tex
 Xy-pic option: Computer Modern tip extension v.3.7
(/nix/store/812mkx037giwcxnx78cqc1hafa2b85ap-texlive-combined-full-2023-final-t
exmfdist/tex/generic/xypic/xytips.tex
 Xy-pic option: More Tips extension v.3.11 loaded) loaded)
(/nix/store/812mkx037giwcxnx78cqc1hafa2b85ap-texlive-combined-full-2023-final-t
exmfdist/tex/generic/xypic/xyall.tex  Xy-pic option: All features v.3.8
(/nix/store/812mkx037giwcxnx78cqc1hafa2b85ap-texlive-combined-full-2023-final-t
exmfdist/tex/generic/xypic/xycurve.tex
 Xy-pic option: Curve and Spline extension v.3.12 curve,
\crv@cnt@=\count314
\crvpts@=\toks53
\splinebox@=\box91
\splineval@=\dimen330
\splinedepth@=\dimen331
\splinetol@=\dimen332
\splinelength@=\dimen333
 circles,
\L@=\dimen334
 loaded)
(/nix/store/812mkx037giwcxnx78cqc1hafa2b85ap-texlive-combined-full-2023-final-t
exmfdist/tex/generic/xypic/xyframe.tex
 Xy-pic option: Frame and Bracket extension v.3.14 loaded)
(/nix/store/812mkx037giwcxnx78cqc1hafa2b85ap-texlive-combined-full-2023-final-t
exmfdist/tex/generic/xypic/xyline.tex
 Xy-pic option: Line styles extension v.3.10
\xylinethick@=\dimen335
 loaded)
(/nix/store/812mkx037giwcxnx78cqc1hafa2b85ap-texlive-combined-full-2023-final-t
exmfdist/tex/generic/xypic/xyrotate.tex
 Xy-pic option: Rotate and Scale extension v.3.8 loaded)
(/nix/store/812mkx037giwcxnx78cqc1hafa2b85ap-texlive-combined-full-2023-final-t
exmfdist/tex/generic/xypic/xycolor.tex  Xy-pic option: Colour extension v.3.11
loaded)
(/nix/store/812mkx037giwcxnx78cqc1hafa2b85ap-texlive-combined-full-2023-final-t
exmfdist/tex/generic/xypic/xymatrix.tex  Xy-pic option: Matrix feature v.3.14
\Row=\count315
\Col=\count316
\queue@=\toks54
\queue@@=\toks55
\qcount@=\count317
\qcount@@=\count318
\matrixsize@=\count319

loaded)
(/nix/store/812mkx037giwcxnx78cqc1hafa2b85ap-texlive-combined-full-2023-final-t
exmfdist/tex/generic/xypic/xyarrow.tex
 Xy-pic option: Arrow and Path feature v.3.9 path, \ar, loaded)
(/nix/store/812mkx037giwcxnx78cqc1hafa2b85ap-texlive-combined-full-2023-final-t
exmfdist/tex/generic/xypic/xygraph.tex  Xy-pic option: Graph feature v.3.11
loaded) loaded)
(/nix/store/812mkx037giwcxnx78cqc1hafa2b85ap-texlive-combined-full-2023-final-t
exmfdist/tex/generic/xypic/xypdf.tex  Xy-pic option: PDF driver v.1.7
Xy-pic pdf driver: `color' extension support
(/nix/store/812mkx037giwcxnx78cqc1hafa2b85ap-texlive-combined-full-2023-final-t
exmfdist/tex/generic/xypic/xypdf-co.tex loaded)
Xy-pic pdf driver: `curve' extension support
(/nix/store/812mkx037giwcxnx78cqc1hafa2b85ap-texlive-combined-full-2023-final-t
exmfdist/tex/generic/xypic/xypdf-cu.tex loaded)
Xy-pic pdf driver: `frame' extension support
(/nix/store/812mkx037giwcxnx78cqc1hafa2b85ap-texlive-combined-full-2023-final-t
exmfdist/tex/generic/xypic/xypdf-fr.tex loaded)
Xy-pic pdf driver: `line' extension support
(/nix/store/812mkx037giwcxnx78cqc1hafa2b85ap-texlive-combined-full-2023-final-t
exmfdist/tex/generic/xypic/xypdf-li.tex loaded)
Xy-pic pdf driver: `rotate' extension support
(/nix/store/812mkx037giwcxnx78cqc1hafa2b85ap-texlive-combined-full-2023-final-t
exmfdist/tex/generic/xypic/xypdf-ro.tex loaded) loaded))
(/nix/store/812mkx037giwcxnx78cqc1hafa2b85ap-texlive-combined-full-2023-final-t
exmfdist/tex/latex/enumitem/enumitem.sty
Package: enumitem 2019/06/20 v3.9 Customized lists
\labelindent=\skip62
\enit@outerparindent=\dimen336
\enit@toks=\toks56
\enit@inbox=\box92
\enit@count@id=\count320
\enitdp@description=\count321
)
(/nix/store/812mkx037giwcxnx78cqc1hafa2b85ap-texlive-combined-full-2023-final-t
exmfdist/tex/latex/csquotes/csquotes.sty
Package: csquotes 2022-09-14 v5.2n context-sensitive quotations (JAW)

(/nix/store/812mkx037giwcxnx78cqc1hafa2b85ap-texlive-combined-full-2023-final-t
exmfdist/tex/latex/etoolbox/etoolbox.sty
Package: etoolbox 2020/10/05 v2.5k e-TeX tools for LaTeX (JAW)
\etb@tempcnta=\count322
)
\csq@reset=\count323
\csq@gtype=\count324
\csq@glevel=\count325
\csq@qlevel=\count326
\csq@maxlvl=\count327
\csq@tshold=\count328
\csq@ltx@everypar=\toks57

(/nix/store/812mkx037giwcxnx78cqc1hafa2b85ap-texlive-combined-full-2023-final-t
exmfdist/tex/latex/csquotes/csquotes.def
File: csquotes.def 2022-09-14 v5.2n csquotes generic definitions (JAW)
)
Package csquotes Info: Trying to load configuration file 'csquotes.cfg'...
Package csquotes Info: ... configuration file loaded successfully.

(/nix/store/812mkx037giwcxnx78cqc1hafa2b85ap-texlive-combined-full-2023-final-t
exmfdist/tex/latex/csquotes/csquotes.cfg
File: csquotes.cfg 
))
(/nix/store/812mkx037giwcxnx78cqc1hafa2b85ap-texlive-combined-full-2023-final-t
exmfdist/tex/latex/comment/comment.sty
\CommentStream=\write5
 Excluding comment 'comment')
(/nix/store/812mkx037giwcxnx78cqc1hafa2b85ap-texlive-combined-full-2023-final-t
exmfdist/tex/latex/float/float.sty
Package: float 2001/11/08 v1.3d Float enhancements (AL)
\c@float@type=\count329
\float@exts=\toks58
\float@box=\box93
\@float@everytoks=\toks59
\@floatcapt=\box94
)
(/nix/store/812mkx037giwcxnx78cqc1hafa2b85ap-texlive-combined-full-2023-final-t
exmfdist/tex/generic/mathdots/mathdots.sty
Package: mathdots 2014/06/11 v0.9 Improve and add various macros for dots in ma
th.
\MDo@unit=\dimen337
\MDo@dotsbox=\box95
\MDoprekern=\muskip17
\MDopostkern=\muskip18
\MDodotkern=\muskip19
)
(/nix/store/812mkx037giwcxnx78cqc1hafa2b85ap-texlive-combined-full-2023-final-t
exmfdist/tex/latex/showlabels/showlabels.sty
Package: showlabels 2022/07/18 v1.9.2

Package: `showlabels' v1.9.2 <2022/07/18>
with amsmath equation tags
\SL@labelposition=\count330
)
(/nix/store/812mkx037giwcxnx78cqc1hafa2b85ap-texlive-combined-full-2023-final-t
exmfdist/tex/latex/tools/showkeys.sty
Package: showkeys 2023/07/08 v3.19 Show cite and label keys (DPC, MH)
)
(/nix/store/812mkx037giwcxnx78cqc1hafa2b85ap-texlive-combined-full-2023-final-t
exmfdist/tex/latex/biblatex/biblatex.sty
Package: biblatex 2023/03/05 v3.19 programmable bibliographies (PK/MW)

(/nix/store/812mkx037giwcxnx78cqc1hafa2b85ap-texlive-combined-full-2023-final-t
exmfdist/tex/generic/pdftexcmds/pdftexcmds.sty
Package: pdftexcmds 2020-06-27 v0.33 Utility functions of pdfTeX for LuaTeX (HO
)

(/nix/store/812mkx037giwcxnx78cqc1hafa2b85ap-texlive-combined-full-2023-final-t
exmfdist/tex/generic/infwarerr/infwarerr.sty
Package: infwarerr 2019/12/03 v1.5 Providing info/warning/error messages (HO)
)
(/nix/store/812mkx037giwcxnx78cqc1hafa2b85ap-texlive-combined-full-2023-final-t
exmfdist/tex/generic/ltxcmds/ltxcmds.sty
Package: ltxcmds 2023-12-04 v1.26 LaTeX kernel commands for general use (HO)
)
Package pdftexcmds Info: \pdf@primitive is available.
Package pdftexcmds Info: \pdf@ifprimitive is available.
Package pdftexcmds Info: \pdfdraftmode found.
)
(/nix/store/812mkx037giwcxnx78cqc1hafa2b85ap-texlive-combined-full-2023-final-t
exmfdist/tex/latex/kvoptions/kvoptions.sty
Package: kvoptions 2022-06-15 v3.15 Key value format for package options (HO)

(/nix/store/812mkx037giwcxnx78cqc1hafa2b85ap-texlive-combined-full-2023-final-t
exmfdist/tex/latex/kvsetkeys/kvsetkeys.sty
Package: kvsetkeys 2022-10-05 v1.19 Key value parser (HO)
))
(/nix/store/812mkx037giwcxnx78cqc1hafa2b85ap-texlive-combined-full-2023-final-t
exmfdist/tex/latex/logreq/logreq.sty
Package: logreq 2010/08/04 v1.0 xml request logger
\lrq@indent=\count331

(/nix/store/812mkx037giwcxnx78cqc1hafa2b85ap-texlive-combined-full-2023-final-t
exmfdist/tex/latex/logreq/logreq.def
File: logreq.def 2010/08/04 v1.0 logreq spec v1.0
))
(/nix/store/812mkx037giwcxnx78cqc1hafa2b85ap-texlive-combined-full-2023-final-t
exmfdist/tex/latex/base/ifthen.sty
Package: ifthen 2022/04/13 v1.1d Standard LaTeX ifthen package (DPC)
)
(/nix/store/812mkx037giwcxnx78cqc1hafa2b85ap-texlive-combined-full-2023-final-t
exmfdist/tex/latex/url/url.sty
\Urlmuskip=\muskip20
Package: url 2013/09/16  ver 3.4  Verb mode for urls, etc.
)
\c@tabx@nest=\count332
\c@listtotal=\count333
\c@listcount=\count334
\c@liststart=\count335
\c@liststop=\count336
\c@citecount=\count337
\c@citetotal=\count338
\c@multicitecount=\count339
\c@multicitetotal=\count340
\c@instcount=\count341
\c@maxnames=\count342
\c@minnames=\count343
\c@maxitems=\count344
\c@minitems=\count345
\c@citecounter=\count346
\c@maxcitecounter=\count347
\c@savedcitecounter=\count348
\c@uniquelist=\count349
\c@uniquename=\count350
\c@refsection=\count351
\c@refsegment=\count352
\c@maxextratitle=\count353
\c@maxextratitleyear=\count354
\c@maxextraname=\count355
\c@maxextradate=\count356
\c@maxextraalpha=\count357
\c@abbrvpenalty=\count358
\c@highnamepenalty=\count359
\c@lownamepenalty=\count360
\c@maxparens=\count361
\c@parenlevel=\count362
\blx@tempcnta=\count363
\blx@tempcntb=\count364
\blx@tempcntc=\count365
\c@blx@maxsection=\count366
\blx@maxsegment@0=\count367
\blx@notetype=\count368
\blx@parenlevel@text=\count369
\blx@parenlevel@foot=\count370
\blx@sectionciteorder@0=\count371
\blx@sectionciteorderinternal@0=\count372
\blx@entrysetcounter=\count373
\blx@biblioinstance=\count374
\labelnumberwidth=\skip63
\labelalphawidth=\skip64
\biblabelsep=\skip65
\bibitemsep=\skip66
\bibnamesep=\skip67
\bibinitsep=\skip68
\bibparsep=\skip69
\bibhang=\skip70
\blx@bcfin=\read4
\blx@bcfout=\write6
\blx@langwohyphens=\language89
\c@mincomprange=\count375
\c@maxcomprange=\count376
\c@mincompwidth=\count377
Package biblatex Info: Trying to load biblatex default data model...
Package biblatex Info: ... file 'blx-dm.def' found.

(/nix/store/812mkx037giwcxnx78cqc1hafa2b85ap-texlive-combined-full-2023-final-t
exmfdist/tex/latex/biblatex/blx-dm.def
File: blx-dm.def 2023/03/05 v3.19 biblatex localization (PK/MW)
)
Package biblatex Info: Trying to load biblatex citestyle data model...
Package biblatex Info: ... file 'numeric.dbx' not found.
Package biblatex Info: Trying to load biblatex custom data model...
Package biblatex Info: ... file 'biblatex-dm.cfg' not found.
\c@afterword=\count378
\c@savedafterword=\count379
\c@annotator=\count380
\c@savedannotator=\count381
\c@author=\count382
\c@savedauthor=\count383
\c@bookauthor=\count384
\c@savedbookauthor=\count385
\c@commentator=\count386
\c@savedcommentator=\count387
\c@editor=\count388
\c@savededitor=\count389
\c@editora=\count390
\c@savededitora=\count391
\c@editorb=\count392
\c@savededitorb=\count393
\c@editorc=\count394
\c@savededitorc=\count395
\c@foreword=\count396
\c@savedforeword=\count397
\c@holder=\count398
\c@savedholder=\count399
\c@introduction=\count400
\c@savedintroduction=\count401
\c@namea=\count402
\c@savednamea=\count403
\c@nameb=\count404
\c@savednameb=\count405
\c@namec=\count406
\c@savednamec=\count407
\c@translator=\count408
\c@savedtranslator=\count409
\c@shortauthor=\count410
\c@savedshortauthor=\count411
\c@shorteditor=\count412
\c@savedshorteditor=\count413
\c@labelname=\count414
\c@savedlabelname=\count415
\c@institution=\count416
\c@savedinstitution=\count417
\c@lista=\count418
\c@savedlista=\count419
\c@listb=\count420
\c@savedlistb=\count421
\c@listc=\count422
\c@savedlistc=\count423
\c@listd=\count424
\c@savedlistd=\count425
\c@liste=\count426
\c@savedliste=\count427
\c@listf=\count428
\c@savedlistf=\count429
\c@location=\count430
\c@savedlocation=\count431
\c@organization=\count432
\c@savedorganization=\count433
\c@origlocation=\count434
\c@savedoriglocation=\count435
\c@origpublisher=\count436
\c@savedorigpublisher=\count437
\c@publisher=\count438
\c@savedpublisher=\count439
\c@language=\count440
\c@savedlanguage=\count441
\c@origlanguage=\count442
\c@savedoriglanguage=\count443
\c@pageref=\count444
\c@savedpageref=\count445
\shorthandwidth=\skip71
\shortjournalwidth=\skip72
\shortserieswidth=\skip73
\shorttitlewidth=\skip74
\shortauthorwidth=\skip75
\shorteditorwidth=\skip76
\locallabelnumberwidth=\skip77
\locallabelalphawidth=\skip78
\localshorthandwidth=\skip79
\localshortjournalwidth=\skip80
\localshortserieswidth=\skip81
\localshorttitlewidth=\skip82
\localshortauthorwidth=\skip83
\localshorteditorwidth=\skip84
Package biblatex Info: Trying to load compatibility code...
Package biblatex Info: ... file 'blx-compat.def' found.

(/nix/store/812mkx037giwcxnx78cqc1hafa2b85ap-texlive-combined-full-2023-final-t
exmfdist/tex/latex/biblatex/blx-compat.def
File: blx-compat.def 2023/03/05 v3.19 biblatex compatibility (PK/MW)
)
Package biblatex Info: Trying to load generic definitions...
Package biblatex Info: ... file 'biblatex.def' found.

(/nix/store/812mkx037giwcxnx78cqc1hafa2b85ap-texlive-combined-full-2023-final-t
exmfdist/tex/latex/biblatex/biblatex.def
File: biblatex.def 2023/03/05 v3.19 biblatex compatibility (PK/MW)
\c@textcitecount=\count446
\c@textcitetotal=\count447
\c@textcitemaxnames=\count448
\c@biburlbigbreakpenalty=\count449
\c@biburlbreakpenalty=\count450
\c@biburlnumpenalty=\count451
\c@biburlucpenalty=\count452
\c@biburllcpenalty=\count453
\biburlbigskip=\muskip21
\biburlnumskip=\muskip22
\biburlucskip=\muskip23
\biburllcskip=\muskip24
\c@smartand=\count454
)
Package biblatex Info: Trying to load bibliography style 'numeric'...
Package biblatex Info: ... file 'numeric.bbx' found.

(/nix/store/812mkx037giwcxnx78cqc1hafa2b85ap-texlive-combined-full-2023-final-t
exmfdist/tex/latex/biblatex/bbx/numeric.bbx
File: numeric.bbx 2023/03/05 v3.19 biblatex bibliography style (PK/MW)
Package biblatex Info: Trying to load bibliography style 'standard'...
Package biblatex Info: ... file 'standard.bbx' found.

(/nix/store/812mkx037giwcxnx78cqc1hafa2b85ap-texlive-combined-full-2023-final-t
exmfdist/tex/latex/biblatex/bbx/standard.bbx
File: standard.bbx 2023/03/05 v3.19 biblatex bibliography style (PK/MW)
\c@bbx:relatedcount=\count455
\c@bbx:relatedtotal=\count456
))
Package biblatex Info: Trying to load citation style 'numeric'...
Package biblatex Info: ... file 'numeric.cbx' found.

(/nix/store/812mkx037giwcxnx78cqc1hafa2b85ap-texlive-combined-full-2023-final-t
exmfdist/tex/latex/biblatex/cbx/numeric.cbx
File: numeric.cbx 2023/03/05 v3.19 biblatex citation style (PK/MW)
Package biblatex Info: Redefining '\cite'.
Package biblatex Info: Redefining '\parencite'.
Package biblatex Info: Redefining '\footcite'.
Package biblatex Info: Redefining '\footcitetext'.
Package biblatex Info: Redefining '\smartcite'.
Package biblatex Info: Redefining '\supercite'.
Package biblatex Info: Redefining '\textcite'.
Package biblatex Info: Redefining '\textcites'.
Package biblatex Info: Redefining '\cites'.
Package biblatex Info: Redefining '\parencites'.
Package biblatex Info: Redefining '\smartcites'.
)
Package biblatex Info: Trying to load configuration file...
Package biblatex Info: ... file 'biblatex.cfg' found.

(/nix/store/812mkx037giwcxnx78cqc1hafa2b85ap-texlive-combined-full-2023-final-t
exmfdist/tex/latex/biblatex/biblatex.cfg
File: biblatex.cfg 
)
Package biblatex Info: Input encoding 'utf8' detected.
Package biblatex Info: Document encoding is UTF8 ....

(/nix/store/812mkx037giwcxnx78cqc1hafa2b85ap-texlive-combined-full-2023-final-t
exmfdist/tex/latex/l3kernel/expl3.sty
Package: expl3 2024-02-20 L3 programming layer (loader) 

(/nix/store/812mkx037giwcxnx78cqc1hafa2b85ap-texlive-combined-full-2023-final-t
exmfdist/tex/latex/l3backend/l3backend-pdftex.def
File: l3backend-pdftex.def 2024-02-20 L3 backend support: PDF output (pdfTeX)
\l__color_backend_stack_int=\count457
\l__pdf_internal_box=\box96
))
Package biblatex Info: ... and expl3
(biblatex)             2024-02-20 L3 programming layer (loader) 
(biblatex)             is new enough (at least 2020/04/06),
(biblatex)             setting 'casechanger=expl3'.

(/nix/store/812mkx037giwcxnx78cqc1hafa2b85ap-texlive-combined-full-2023-final-t
exmfdist/tex/latex/biblatex/blx-case-expl3.sty
(/nix/store/812mkx037giwcxnx78cqc1hafa2b85ap-texlive-combined-full-2023-final-t
exmfdist/tex/latex/l3packages/xparse/xparse.sty
Package: xparse 2024-02-18 L3 Experimental document command parser
)
Package: blx-case-expl3 2023/03/05 v3.19 expl3 case changing code for biblatex
))
(/nix/store/812mkx037giwcxnx78cqc1hafa2b85ap-texlive-combined-full-2023-final-t
exmfdist/tex/latex/hyperref/hyperref.sty
Package: hyperref 2024-01-20 v7.01h Hypertext links for LaTeX

(/nix/store/812mkx037giwcxnx78cqc1hafa2b85ap-texlive-combined-full-2023-final-t
exmfdist/tex/generic/kvdefinekeys/kvdefinekeys.sty
Package: kvdefinekeys 2019-12-19 v1.6 Define keys (HO)
)
(/nix/store/812mkx037giwcxnx78cqc1hafa2b85ap-texlive-combined-full-2023-final-t
exmfdist/tex/generic/pdfescape/pdfescape.sty
Package: pdfescape 2019/12/09 v1.15 Implements pdfTeX's escape features (HO)
)
(/nix/store/812mkx037giwcxnx78cqc1hafa2b85ap-texlive-combined-full-2023-final-t
exmfdist/tex/latex/hycolor/hycolor.sty
Package: hycolor 2020-01-27 v1.10 Color options for hyperref/bookmark (HO)
)
(/nix/store/812mkx037giwcxnx78cqc1hafa2b85ap-texlive-combined-full-2023-final-t
exmfdist/tex/latex/auxhook/auxhook.sty
Package: auxhook 2019-12-17 v1.6 Hooks for auxiliary files (HO)
)
(/nix/store/812mkx037giwcxnx78cqc1hafa2b85ap-texlive-combined-full-2023-final-t
exmfdist/tex/latex/hyperref/nameref.sty
Package: nameref 2023-11-26 v2.56 Cross-referencing by name of section

(/nix/store/812mkx037giwcxnx78cqc1hafa2b85ap-texlive-combined-full-2023-final-t
exmfdist/tex/latex/refcount/refcount.sty
Package: refcount 2019/12/15 v3.6 Data extraction from label references (HO)
)
(/nix/store/812mkx037giwcxnx78cqc1hafa2b85ap-texlive-combined-full-2023-final-t
exmfdist/tex/generic/gettitlestring/gettitlestring.sty
Package: gettitlestring 2019/12/15 v1.6 Cleanup title references (HO)
)
\c@section@level=\count458
)
\@linkdim=\dimen338
\Hy@linkcounter=\count459
\Hy@pagecounter=\count460

(/nix/store/812mkx037giwcxnx78cqc1hafa2b85ap-texlive-combined-full-2023-final-t
exmfdist/tex/latex/hyperref/pd1enc.def
File: pd1enc.def 2024-01-20 v7.01h Hyperref: PDFDocEncoding definition (HO)
Now handling font encoding PD1 ...
... no UTF-8 mapping file for font encoding PD1
)
(/nix/store/812mkx037giwcxnx78cqc1hafa2b85ap-texlive-combined-full-2023-final-t
exmfdist/tex/generic/intcalc/intcalc.sty
Package: intcalc 2019/12/15 v1.3 Expandable calculations with integers (HO)
)
\Hy@SavedSpaceFactor=\count461

(/nix/store/812mkx037giwcxnx78cqc1hafa2b85ap-texlive-combined-full-2023-final-t
exmfdist/tex/latex/hyperref/puenc.def
File: puenc.def 2024-01-20 v7.01h Hyperref: PDF Unicode definition (HO)
Now handling font encoding PU ...
... no UTF-8 mapping file for font encoding PU
)
Package hyperref Info: Hyper figures OFF on input line 4179.
Package hyperref Info: Link nesting OFF on input line 4184.
Package hyperref Info: Hyper index ON on input line 4187.
Package hyperref Info: Plain pages OFF on input line 4194.
Package hyperref Info: Backreferencing OFF on input line 4199.
Package hyperref Info: Implicit mode ON; LaTeX internals redefined.
Package hyperref Info: Bookmarks ON on input line 4446.
\c@Hy@tempcnt=\count462
LaTeX Info: Redefining \url on input line 4784.
\XeTeXLinkMargin=\dimen339

(/nix/store/812mkx037giwcxnx78cqc1hafa2b85ap-texlive-combined-full-2023-final-t
exmfdist/tex/generic/bitset/bitset.sty
Package: bitset 2019/12/09 v1.3 Handle bit-vector datatype (HO)

(/nix/store/812mkx037giwcxnx78cqc1hafa2b85ap-texlive-combined-full-2023-final-t
exmfdist/tex/generic/bigintcalc/bigintcalc.sty
Package: bigintcalc 2019/12/15 v1.5 Expandable calculations on big integers (HO
)
))
\Fld@menulength=\count463
\Field@Width=\dimen340
\Fld@charsize=\dimen341
Package hyperref Info: Hyper figures OFF on input line 6063.
Package hyperref Info: Link nesting OFF on input line 6068.
Package hyperref Info: Hyper index ON on input line 6071.
Package hyperref Info: backreferencing OFF on input line 6078.
Package hyperref Info: Link coloring OFF on input line 6083.
Package hyperref Info: Link coloring with OCG OFF on input line 6088.
Package hyperref Info: PDF/A mode OFF on input line 6093.

(/nix/store/812mkx037giwcxnx78cqc1hafa2b85ap-texlive-combined-full-2023-final-t
exmfdist/tex/latex/base/atbegshi-ltx.sty
Package: atbegshi-ltx 2021/01/10 v1.0c Emulation of the original atbegshi
package with kernel methods
)
\Hy@abspage=\count464
\c@Item=\count465
\c@Hfootnote=\count466
)
Package hyperref Info: Driver (autodetected): hpdftex.

(/nix/store/812mkx037giwcxnx78cqc1hafa2b85ap-texlive-combined-full-2023-final-t
exmfdist/tex/latex/hyperref/hpdftex.def
File: hpdftex.def 2024-01-20 v7.01h Hyperref driver for pdfTeX

(/nix/store/812mkx037giwcxnx78cqc1hafa2b85ap-texlive-combined-full-2023-final-t
exmfdist/tex/latex/base/atveryend-ltx.sty
Package: atveryend-ltx 2020/08/19 v1.0a Emulation of the original atveryend pac
kage
with kernel methods
)
\Fld@listcount=\count467
\c@bookmark@seq@number=\count468

(/nix/store/812mkx037giwcxnx78cqc1hafa2b85ap-texlive-combined-full-2023-final-t
exmfdist/tex/latex/rerunfilecheck/rerunfilecheck.sty
Package: rerunfilecheck 2022-07-10 v1.10 Rerun checks for auxiliary files (HO)

(/nix/store/812mkx037giwcxnx78cqc1hafa2b85ap-texlive-combined-full-2023-final-t
exmfdist/tex/generic/uniquecounter/uniquecounter.sty
Package: uniquecounter 2019/12/15 v1.4 Provide unlimited unique counter (HO)
)
Package uniquecounter Info: New unique counter `rerunfilecheck' on input line 2
85.
)
\Hy@SectionHShift=\skip85
)
Package hyperref Info: Option `unicode' set `true' on input line 44.
Package hyperref Info: Option `bookmarksnumbered' set `true' on input line 44.
) (./hacks.tex)
(./structure.tex
\c@theorem=\count469
\c@construction=\count470
) (./macros.tex
\c@example=\count471
\c@notation=\count472
)
Package csquotes Info: Checking for multilingual support...
Package csquotes Info: ... none found.
 (./main.aux)
\openout1 = `main.aux'.

LaTeX Font Info:    Checking defaults for OML/cmm/m/it on input line 21.
LaTeX Font Info:    ... okay on input line 21.
LaTeX Font Info:    Checking defaults for OMS/cmsy/m/n on input line 21.
LaTeX Font Info:    ... okay on input line 21.
LaTeX Font Info:    Checking defaults for OT1/cmr/m/n on input line 21.
LaTeX Font Info:    ... okay on input line 21.
LaTeX Font Info:    Checking defaults for T1/cmr/m/n on input line 21.
LaTeX Font Info:    ... okay on input line 21.
LaTeX Font Info:    Checking defaults for TS1/cmr/m/n on input line 21.
LaTeX Font Info:    ... okay on input line 21.
LaTeX Font Info:    Checking defaults for OMX/cmex/m/n on input line 21.
LaTeX Font Info:    ... okay on input line 21.
LaTeX Font Info:    Checking defaults for U/cmr/m/n on input line 21.
LaTeX Font Info:    ... okay on input line 21.
LaTeX Font Info:    Checking defaults for PD1/pdf/m/n on input line 21.
LaTeX Font Info:    ... okay on input line 21.
LaTeX Font Info:    Checking defaults for PU/pdf/m/n on input line 21.
LaTeX Font Info:    ... okay on input line 21.

(/nix/store/812mkx037giwcxnx78cqc1hafa2b85ap-texlive-combined-full-2023-final-t
exmfdist/tex/context/base/mkii/supp-pdf.mkii
[Loading MPS to PDF converter (version 2006.09.02).]
\scratchcounter=\count473
\scratchdimen=\dimen342
\scratchbox=\box97
\nofMPsegments=\count474
\nofMParguments=\count475
\everyMPshowfont=\toks60
\MPscratchCnt=\count476
\MPscratchDim=\dimen343
\MPnumerator=\count477
\makeMPintoPDFobject=\count478
\everyMPtoPDFconversion=\toks61
)
(/nix/store/812mkx037giwcxnx78cqc1hafa2b85ap-texlive-combined-full-2023-final-t
exmfdist/tex/latex/epstopdf-pkg/epstopdf-base.sty
Package: epstopdf-base 2020-01-24 v2.11 Base part for package epstopdf
Package epstopdf-base Info: Redefining graphics rule for `.eps' on input line 4
85.

(/nix/store/812mkx037giwcxnx78cqc1hafa2b85ap-texlive-combined-full-2023-final-t
exmfdist/tex/latex/latexconfig/epstopdf-sys.cfg
File: epstopdf-sys.cfg 2010/07/13 v1.3 Configuration of (r)epstopdf for TeX Liv
e
))
Package pgfplots notification 'compat/show suggested version=true': you might b
enefit from \pgfplotsset{compat=1.18} (current compat level: 1.17).

LaTeX Font Info:    Trying to load font information for U+msa on input line 21.


(/nix/store/812mkx037giwcxnx78cqc1hafa2b85ap-texlive-combined-full-2023-final-t
exmfdist/tex/latex/amsfonts/umsa.fd
File: umsa.fd 2013/01/14 v3.01 AMS symbols A
)
LaTeX Font Info:    Trying to load font information for U+msb on input line 21.


(/nix/store/812mkx037giwcxnx78cqc1hafa2b85ap-texlive-combined-full-2023-final-t
exmfdist/tex/latex/amsfonts/umsb.fd
File: umsb.fd 2013/01/14 v3.01 AMS symbols B
)
Package xypdf Info: Line width: 0.43799pt on input line 21.
Package biblatex Info: Trying to load language 'english'...
Package biblatex Info: ... file 'english.lbx' found.

(/nix/store/812mkx037giwcxnx78cqc1hafa2b85ap-texlive-combined-full-2023-final-t
exmfdist/tex/latex/biblatex/lbx/english.lbx
File: english.lbx 2023/03/05 v3.19 biblatex localization (PK/MW)
)
Package biblatex Info: Input encoding 'utf8' detected.
Package biblatex Info: Automatic encoding selection.
(biblatex)             Assuming data encoding 'utf8'.
\openout6 = `main.bcf'.

Package biblatex Info: Trying to load bibliographic data...
Package biblatex Info: ... file 'main.bbl' found.
 (./main.bbl)
Package biblatex Info: Reference section=0 on input line 21.
Package biblatex Info: Reference segment=0 on input line 21.
Package hyperref Info: Link coloring OFF on input line 21.
 (./main.out)
(./main.out)
\@outlinefile=\write7
\openout7 = `main.out'.

 (./chapters/introduction.tex
LaTeX Font Info:    Trying to load font information for U+euf on input line 5.

(/nix/store/812mkx037giwcxnx78cqc1hafa2b85ap-texlive-combined-full-2023-final-t
exmfdist/tex/latex/amsfonts/ueuf.fd
File: ueuf.fd 2013/01/14 v3.01 Euler Fraktur
) Excluding 'comment' comment.
LaTeX Font Info:    Trying to load font information for OT1+pzc on input line 2
4.

(/nix/store/812mkx037giwcxnx78cqc1hafa2b85ap-texlive-combined-full-2023-final-t
exmfdist/tex/latex/psnfss/ot1pzc.fd
File: ot1pzc.fd 2020/03/25 font definitions for OT1/pzc.
)) (./chapters/localization.tex)
(./chapters/ps.tex [1

{/nix/store/zmcm9d2dp9nvwz8548qjh0nchj3xgv72-texlive-combined-full-2023-final/s
hare/texmf-var/fonts/map/pdftex/updmap/pdftex.map}{/nix/store/812mkx037giwcxnx7
8cqc1hafa2b85ap-texlive-combined-full-2023-final-texmfdist/fonts/enc/dvips/base
/8r.enc}]) (./chapters/loopspace.tex)
(./chapters/further.tex) [2] [3] (./main.aux)
 ***********
LaTeX2e <2023-11-01> patch level 1
L3 programming layer <2024-02-20>
 ***********
Package rerunfilecheck Info: File `main.out' has not changed.
(rerunfilecheck)             Checksum: 4B5356FCD2980FE6DFF6FED24668D817;1177.
Package logreq Info: Writing requests to 'main.run.xml'.
\openout1 = `main.run.xml'.

 ) 
Here is how much of TeX's memory you used:
 45536 strings out of 474116
 1058565 string characters out of 5717523
 1972688 words of memory out of 5000000
 67122 multiletter control sequences out of 15000+600000
 575672 words of font info for 100 fonts, out of 8000000 for 9000
 1141 hyphenation exceptions out of 8191
 104i,8n,110p,3249b,1546s stack positions out of 10000i,1000n,20000p,200000b,200000s
</nix/store/812mkx037giwcxnx78cqc1hafa2b85ap-texlive-combined-full-2023-final
-texmfdist/fonts/type1/public/amsfonts/cm/cmbx10.pfb></nix/store/812mkx037giwcx
nx78cqc1hafa2b85ap-texlive-combined-full-2023-final-texmfdist/fonts/type1/publi
c/amsfonts/cm/cmbx12.pfb></nix/store/812mkx037giwcxnx78cqc1hafa2b85ap-texlive-c
ombined-full-2023-final-texmfdist/fonts/type1/public/amsfonts/cm/cmmi10.pfb></n
ix/store/812mkx037giwcxnx78cqc1hafa2b85ap-texlive-combined-full-2023-final-texm
fdist/fonts/type1/public/amsfonts/cm/cmmi8.pfb></nix/store/812mkx037giwcxnx78cq
c1hafa2b85ap-texlive-combined-full-2023-final-texmfdist/fonts/type1/public/amsf
onts/cm/cmr10.pfb></nix/store/812mkx037giwcxnx78cqc1hafa2b85ap-texlive-combined
-full-2023-final-texmfdist/fonts/type1/public/amsfonts/cm/cmr12.pfb></nix/store
/812mkx037giwcxnx78cqc1hafa2b85ap-texlive-combined-full-2023-final-texmfdist/fo
nts/type1/public/amsfonts/cm/cmr17.pfb></nix/store/812mkx037giwcxnx78cqc1hafa2b
85ap-texlive-combined-full-2023-final-texmfdist/fonts/type1/public/amsfonts/cm/
cmr6.pfb></nix/store/812mkx037giwcxnx78cqc1hafa2b85ap-texlive-combined-full-202
3-final-texmfdist/fonts/type1/public/amsfonts/cm/cmr8.pfb></nix/store/812mkx037
giwcxnx78cqc1hafa2b85ap-texlive-combined-full-2023-final-texmfdist/fonts/type1/
public/amsfonts/cm/cmss10.pfb></nix/store/812mkx037giwcxnx78cqc1hafa2b85ap-texl
ive-combined-full-2023-final-texmfdist/fonts/type1/public/amsfonts/cm/cmsy10.pf
b></nix/store/812mkx037giwcxnx78cqc1hafa2b85ap-texlive-combined-full-2023-final
-texmfdist/fonts/type1/public/amsfonts/cm/cmsy8.pfb></nix/store/812mkx037giwcxn
x78cqc1hafa2b85ap-texlive-combined-full-2023-final-texmfdist/fonts/type1/public
/amsfonts/cm/cmti10.pfb></nix/store/812mkx037giwcxnx78cqc1hafa2b85ap-texlive-co
mbined-full-2023-final-texmfdist/fonts/type1/public/amsfonts/cm/cmti7.pfb></nix
/store/812mkx037giwcxnx78cqc1hafa2b85ap-texlive-combined-full-2023-final-texmfd
ist/fonts/type1/public/amsfonts/cm/cmtt10.pfb></nix/store/812mkx037giwcxnx78cqc
1hafa2b85ap-texlive-combined-full-2023-final-texmfdist/fonts/type1/public/amsfo
nts/cm/cmtt9.pfb></nix/store/812mkx037giwcxnx78cqc1hafa2b85ap-texlive-combined-
full-2023-final-texmfdist/fonts/type1/public/amsfonts/euler/eufm10.pfb></nix/st
ore/812mkx037giwcxnx78cqc1hafa2b85ap-texlive-combined-full-2023-final-texmfdist
/fonts/type1/public/amsfonts/symbols/msbm10.pfb></nix/store/812mkx037giwcxnx78c
qc1hafa2b85ap-texlive-combined-full-2023-final-texmfdist/fonts/type1/urw/zapfch
an/uzcmi8a.pfb>
Output written on main.pdf (3 pages, 214201 bytes).
PDF statistics:
 185 PDF objects out of 1000 (max. 8388607)
 140 compressed objects within 2 object streams
 23 named destinations out of 1000 (max. 500000)
 61 words of extra memory for PDF output out of 10000 (max. 10000000)

